<?xml version="1.0" encoding="UTF-8"?>
<!-- Generated by org.testng.reporters.JUnitXMLReporter -->
<testsuite ignored="0" hostname="Admin-PC" failures="0" tests="1" name="Buoi17TH Tests on fireforx" time="0.037" errors="0" timestamp="2025-05-18T15:29:13 GMT+07:00">
  <testcase classname="autotest.thuchanh.Buoi17TH" name="@BeforeTest startBrowser" time="-1.747556953454E9">
    <failure type="org.testng.TestNGException" message="
Parameter &amp;apos;brower&amp;apos; is required by BeforeTest on method startBrowser but has not been marked @Optional or defined
in C:\Users\Admin\eclipse-workspace\crossBrowser\test-output\testng.xml">
      <![CDATA[org.testng.TestNGException: 
Parameter 'brower' is required by BeforeTest on method startBrowser but has not been marked @Optional or defined
in C:\Users\Admin\eclipse-workspace\crossBrowser\test-output\testng.xml
... Removed 21 stack frames]]>
    </failure>
  </testcase> <!-- @BeforeTest startBrowser -->
  <testcase classname="autotest.thuchanh.Buoi17TH" name="getWWindowHandles" time="0.0">
    <skipped/>
  </testcase> <!-- getWWindowHandles -->
</testsuite> <!-- Buoi17TH Tests on fireforx -->
