<?xml version="1.0" encoding="UTF-8"?>
<!-- Generated by org.testng.reporters.JUnitReportReporter -->
<testsuite hostname="Admin-PC" failures="0" tests="4" name="autotest.testcasepage.Rise.LoginTestCase" time="1.071" errors="1" timestamp="2025-07-30T17:14:57 GMT+07:00" skipped="3">
  <testcase classname="autotest.testcasepage.Rise.LoginTestCase" name="startBrowser" time="1.071">
    <error message="session not created: This version of ChromeDriver only supports Chrome version 140
Current browser version is 138.0.7204.184 with binary path C:\Program Files\Google\Chrome\Application\chrome.exe
Build info: version: &#039;3.141.59&#039;, revision: &#039;e82be7d358&#039;, time: &#039;2018-11-14T08:17:03&#039;
System info: host: &#039;ADMIN-PC&#039;, ip: &#039;192.168.1.7&#039;, os.name: &#039;Windows 11&#039;, os.arch: &#039;amd64&#039;, os.version: &#039;10.0&#039;, java.version: &#039;23.0.2&#039;
Driver info: driver.version: ChromeDriver
remote stacktrace: 	GetHandleVerifier [0x0x7ff6dbfdd455+2868117]
	GetHandleVerifier [0x0x7ff6dbd34db0+81136]
	(No symbol) [0x0x7ff6dbaccc2a]
	(No symbol) [0x0x7ff6dbb12124]
	(No symbol) [0x0x7ff6dbb1113c]
	(No symbol) [0x0x7ff6dbb0a89c]
	(No symbol) [0x0x7ff6dbb06500]
	(No symbol) [0x0x7ff6dbb5a8af]
	(No symbol) [0x0x7ff6dbb5a030]
	(No symbol) [0x0x7ff6dbb4c9e3]
	(No symbol) [0x0x7ff6dbb15452]
	(No symbol) [0x0x7ff6dbb16223]
	GetHandleVerifier [0x0x7ff6dc009e1d+3050845]
	GetHandleVerifier [0x0x7ff6dc003eba+3026426]
	GetHandleVerifier [0x0x7ff6dc023e5d+3157405]
	GetHandleVerifier [0x0x7ff6dbd4ff0e+192078]
	GetHandleVerifier [0x0x7ff6dbd57b0f+223823]
	GetHandleVerifier [0x0x7ff6dbd3e0b4+118772]
	GetHandleVerifier [0x0x7ff6dbd3e269+119209]
	GetHandleVerifier [0x0x7ff6dbd23bf8+11064]
	BaseThreadInitThunk [0x0x7ffd7d24e8d7+23]
	RtlUserThreadStart [0x0x7ffd7e1dc34c+44]
" type="org.openqa.selenium.SessionNotCreatedException">
      <![CDATA[org.openqa.selenium.SessionNotCreatedException: session not created: This version of ChromeDriver only supports Chrome version 140
Current browser version is 138.0.7204.184 with binary path C:\Program Files\Google\Chrome\Application\chrome.exe
Build info: version: '3.141.59', revision: 'e82be7d358', time: '2018-11-14T08:17:03'
System info: host: 'ADMIN-PC', ip: '192.168.1.7', os.name: 'Windows 11', os.arch: 'amd64', os.version: '10.0', java.version: '23.0.2'
Driver info: driver.version: ChromeDriver
remote stacktrace: GetHandleVerifier [0x0x7ff6dbfdd455+2868117]
GetHandleVerifier [0x0x7ff6dbd34db0+81136]
(No symbol) [0x0x7ff6dbaccc2a]
(No symbol) [0x0x7ff6dbb12124]
(No symbol) [0x0x7ff6dbb1113c]
(No symbol) [0x0x7ff6dbb0a89c]
(No symbol) [0x0x7ff6dbb06500]
(No symbol) [0x0x7ff6dbb5a8af]
(No symbol) [0x0x7ff6dbb5a030]
(No symbol) [0x0x7ff6dbb4c9e3]
(No symbol) [0x0x7ff6dbb15452]
(No symbol) [0x0x7ff6dbb16223]
GetHandleVerifier [0x0x7ff6dc009e1d+3050845]
GetHandleVerifier [0x0x7ff6dc003eba+3026426]
GetHandleVerifier [0x0x7ff6dc023e5d+3157405]
GetHandleVerifier [0x0x7ff6dbd4ff0e+192078]
GetHandleVerifier [0x0x7ff6dbd57b0f+223823]
GetHandleVerifier [0x0x7ff6dbd3e0b4+118772]
GetHandleVerifier [0x0x7ff6dbd3e269+119209]
GetHandleVerifier [0x0x7ff6dbd23bf8+11064]
BaseThreadInitThunk [0x0x7ffd7d24e8d7+23]
RtlUserThreadStart [0x0x7ffd7e1dc34c+44]

at java.base/jdk.internal.reflect.DirectConstructorHandleAccessor.newInstance(DirectConstructorHandleAccessor.java:62)
at java.base/java.lang.reflect.Constructor.newInstanceWithCaller(Constructor.java:501)
at java.base/java.lang.reflect.Constructor.newInstance(Constructor.java:485)
at org.openqa.selenium.remote.W3CHandshakeResponse.lambda$errorHandler$0(W3CHandshakeResponse.java:62)
at org.openqa.selenium.remote.HandshakeResponse.lambda$getResponseFunction$0(HandshakeResponse.java:30)
at org.openqa.selenium.remote.ProtocolHandshake.lambda$createSession$0(ProtocolHandshake.java:126)
at java.base/java.util.stream.ReferencePipeline$3$1.accept(ReferencePipeline.java:215)
at java.base/java.util.Spliterators$ArraySpliterator.tryAdvance(Spliterators.java:1034)
at java.base/java.util.stream.ReferencePipeline.forEachWithCancel(ReferencePipeline.java:147)
at java.base/java.util.stream.AbstractPipeline.copyIntoWithCancel(AbstractPipeline.java:588)
at java.base/java.util.stream.AbstractPipeline.copyInto(AbstractPipeline.java:574)
at java.base/java.util.stream.AbstractPipeline.wrapAndCopyInto(AbstractPipeline.java:560)
at java.base/java.util.stream.FindOps$FindOp.evaluateSequential(FindOps.java:150)
at java.base/java.util.stream.AbstractPipeline.evaluate(AbstractPipeline.java:265)
at java.base/java.util.stream.ReferencePipeline.findFirst(ReferencePipeline.java:687)
at org.openqa.selenium.remote.ProtocolHandshake.createSession(ProtocolHandshake.java:128)
at org.openqa.selenium.remote.ProtocolHandshake.createSession(ProtocolHandshake.java:74)
at org.openqa.selenium.remote.HttpCommandExecutor.execute(HttpCommandExecutor.java:136)
at org.openqa.selenium.remote.service.DriverCommandExecutor.execute(DriverCommandExecutor.java:83)
at org.openqa.selenium.remote.RemoteWebDriver.execute(RemoteWebDriver.java:552)
at org.openqa.selenium.remote.RemoteWebDriver.startSession(RemoteWebDriver.java:213)
at org.openqa.selenium.remote.RemoteWebDriver.<init>(RemoteWebDriver.java:131)
at org.openqa.selenium.chrome.ChromeDriver.<init>(ChromeDriver.java:181)
at org.openqa.selenium.chrome.ChromeDriver.<init>(ChromeDriver.java:168)
at org.openqa.selenium.chrome.ChromeDriver.<init>(ChromeDriver.java:123)
at autocom.common.CommonPage.startBrower(CommonPage.java:118)
at autotest.testcasepage.Rise.LoginTestCase.startBrowser(LoginTestCase.java:26)
at java.base/jdk.internal.reflect.DirectMethodHandleAccessor.invoke(DirectMethodHandleAccessor.java:103)
at java.base/java.lang.reflect.Method.invoke(Method.java:580)
at org.testng.internal.MethodInvocationHelper.invokeMethod(MethodInvocationHelper.java:133)
at org.testng.internal.MethodInvocationHelper.invokeMethodConsideringTimeout(MethodInvocationHelper.java:62)
at org.testng.internal.ConfigInvoker.invokeConfigurationMethod(ConfigInvoker.java:385)
at org.testng.internal.ConfigInvoker.invokeConfigurations(ConfigInvoker.java:321)
at org.testng.TestRunner.invokeTestConfigurations(TestRunner.java:637)
at org.testng.TestRunner.beforeRun(TestRunner.java:627)
at org.testng.TestRunner.run(TestRunner.java:589)
at org.testng.SuiteRunner.runTest(SuiteRunner.java:377)
at org.testng.SuiteRunner.runSequentially(SuiteRunner.java:371)
at org.testng.SuiteRunner.privateRun(SuiteRunner.java:332)
at org.testng.SuiteRunner.run(SuiteRunner.java:276)
at org.testng.SuiteRunnerWorker.runSuite(SuiteRunnerWorker.java:53)
at org.testng.SuiteRunnerWorker.run(SuiteRunnerWorker.java:96)
at org.testng.TestNG.runSuitesSequentially(TestNG.java:1212)
at org.testng.TestNG.runSuitesLocally(TestNG.java:1134)
at org.testng.TestNG.runSuites(TestNG.java:1063)
at org.testng.TestNG.run(TestNG.java:1031)
at org.testng.remote.AbstractRemoteTestNG.run(AbstractRemoteTestNG.java:115)
at org.testng.remote.RemoteTestNG.initAndRun(RemoteTestNG.java:293)
at org.testng.remote.RemoteTestNG.main(RemoteTestNG.java:91)
]]>
    </error>
  </testcase> <!-- startBrowser -->
  <system-out/>
  <testcase classname="autotest.testcasepage.Rise.LoginTestCase" name="loginsuccess" time="0.000">
    <skipped/>
  </testcase> <!-- loginsuccess -->
  <system-out/>
  <testcase classname="autotest.testcasepage.Rise.LoginTestCase" name="loginsuccess" time="0.000">
    <skipped/>
  </testcase> <!-- loginsuccess -->
  <system-out/>
  <testcase classname="autotest.testcasepage.Rise.LoginTestCase" name="loginsuccess" time="0.000">
    <skipped/>
  </testcase> <!-- loginsuccess -->
  <system-out/>
</testsuite> <!-- autotest.testcasepage.Rise.LoginTestCase -->
